<?xml version="1.0" encoding="UTF-8"?>
<!-- Generated by org.testng.reporters.JUnitReportReporter -->
<testsuite skipped="0" hostname="ETC-1404246" name="com.actitime.tests.VerifyVersionTest" tests="1" failures="0" timestamp="01 Dec 2018 06:18:44 GMT" time="13.469" errors="0">
  <testcase name="testverifyVersion" time="13.469" classname="com.actitime.tests.VerifyVersionTest"/>
</testsuite> <!-- com.actitime.tests.VerifyVersionTest -->
