<?xml version="1.0" encoding="UTF-8"?>
<!-- Generated by org.testng.reporters.JUnitReportReporter -->
<testsuite skipped="0" hostname="ETC-1404246" name="com.actitime.tests.VerifyBuildTest" tests="1" failures="0" timestamp="01 Dec 2018 07:01:47 GMT" time="17.109" errors="0">
  <testcase name="verifythebuild" time="17.109" classname="com.actitime.tests.VerifyBuildTest"/>
</testsuite> <!-- com.actitime.tests.VerifyBuildTest -->
