<?xml version="1.0" encoding="UTF-8"?>
<!-- Generated by org.testng.reporters.JUnitReportReporter -->
<testsuite skipped="0" hostname="ETC-1404246" name="com.actitime.tests.ValidLoginLoginTest" tests="1" failures="0" timestamp="01 Dec 2018 05:58:49 GMT" time="17.808" errors="0">
  <testcase name="testvalidLoginLogout" time="17.808" classname="com.actitime.tests.ValidLoginLoginTest"/>
</testsuite> <!-- com.actitime.tests.ValidLoginLoginTest -->
